Determining if the pthread_create exist failed with the following output:
Change Dir: /home/ankurshaswat/MyFiles/Repos/Starlings/Code/build/CMakeFiles/CMakeTmp

Run Build Command:"/usr/bin/make" "cmTC_547ef/fast"
/usr/bin/make -f CMakeFiles/cmTC_547ef.dir/build.make CMakeFiles/cmTC_547ef.dir/build
make[1]: Entering directory '/home/ankurshaswat/MyFiles/Repos/Starlings/Code/build/CMakeFiles/CMakeTmp'
Building C object CMakeFiles/cmTC_547ef.dir/CheckSymbolExists.c.o
/usr/bin/cc    -o CMakeFiles/cmTC_547ef.dir/CheckSymbolExists.c.o   -c /home/ankurshaswat/MyFiles/Repos/Starlings/Code/build/CMakeFiles/CMakeTmp/CheckSymbolExists.c
Linking C executable cmTC_547ef
/usr/bin/cmake -E cmake_link_script CMakeFiles/cmTC_547ef.dir/link.txt --verbose=1
/usr/bin/cc      -rdynamic CMakeFiles/cmTC_547ef.dir/CheckSymbolExists.c.o  -o cmTC_547ef 
CMakeFiles/cmTC_547ef.dir/CheckSymbolExists.c.o: In function `main':
CheckSymbolExists.c:(.text+0x1b): undefined reference to `pthread_create'
collect2: error: ld returned 1 exit status
CMakeFiles/cmTC_547ef.dir/build.make:97: recipe for target 'cmTC_547ef' failed
make[1]: *** [cmTC_547ef] Error 1
make[1]: Leaving directory '/home/ankurshaswat/MyFiles/Repos/Starlings/Code/build/CMakeFiles/CMakeTmp'
Makefile:126: recipe for target 'cmTC_547ef/fast' failed
make: *** [cmTC_547ef/fast] Error 2

File /home/ankurshaswat/MyFiles/Repos/Starlings/Code/build/CMakeFiles/CMakeTmp/CheckSymbolExists.c:
/* */
#include <pthread.h>

int main(int argc, char** argv)
{
  (void)argv;
#ifndef pthread_create
  return ((int*)(&pthread_create))[argc];
#else
  (void)argc;
  return 0;
#endif
}

Determining if the function pthread_create exists in the pthreads failed with the following output:
Change Dir: /home/ankurshaswat/MyFiles/Repos/Starlings/Code/build/CMakeFiles/CMakeTmp

Run Build Command:"/usr/bin/make" "cmTC_c0559/fast"
/usr/bin/make -f CMakeFiles/cmTC_c0559.dir/build.make CMakeFiles/cmTC_c0559.dir/build
make[1]: Entering directory '/home/ankurshaswat/MyFiles/Repos/Starlings/Code/build/CMakeFiles/CMakeTmp'
Building C object CMakeFiles/cmTC_c0559.dir/CheckFunctionExists.c.o
/usr/bin/cc   -DCHECK_FUNCTION_EXISTS=pthread_create   -o CMakeFiles/cmTC_c0559.dir/CheckFunctionExists.c.o   -c /usr/share/cmake-3.9/Modules/CheckFunctionExists.c
Linking C executable cmTC_c0559
/usr/bin/cmake -E cmake_link_script CMakeFiles/cmTC_c0559.dir/link.txt --verbose=1
/usr/bin/cc  -DCHECK_FUNCTION_EXISTS=pthread_create    -rdynamic CMakeFiles/cmTC_c0559.dir/CheckFunctionExists.c.o  -o cmTC_c0559 -lpthreads 
/usr/bin/ld: cannot find -lpthreads
collect2: error: ld returned 1 exit status
CMakeFiles/cmTC_c0559.dir/build.make:97: recipe for target 'cmTC_c0559' failed
make[1]: *** [cmTC_c0559] Error 1
make[1]: Leaving directory '/home/ankurshaswat/MyFiles/Repos/Starlings/Code/build/CMakeFiles/CMakeTmp'
Makefile:126: recipe for target 'cmTC_c0559/fast' failed
make: *** [cmTC_c0559/fast] Error 2


